
*** AERMOD - VERSION  24142 ***   *** Jobname: Sample_AERMOD_Run                ***

        ***** SETUP Finishes Successfully *****


 *** AERMOD - VERSION  24142 ***   *** Sample AERMOD Run                        ***
                                    *** Generated by pyaermod                    ***

                *** THE BASIC SETUP INFORMATION ***
               *** FROM THE AERMOD INPUT RUNSTREAM ***


  --  MODELING OPTIONS SELECTED:

       CONC -- Concentration Calculation
       FLAT -- Flat Terrain

 *** MODEL SETUP OPTIONS  ***

       Pollutant/Gas ID:  PM25
       Averaging Time Period(s):  ANNUAL 24-HOUR 1-HOUR


 *** MODELING PERIOD ***

   STARTING DATE:  01/01/23
   ENDING DATE:    12/31/23


 *** SOURCE LOCATIONS ***

   SOURCE    TYPE      X-COORD       Y-COORD    BASE ELEV.  STACK HT  STACK TEMP EXIT VEL  DIAMETER  EMIS RATE
   STACK1    POINT       500.00       500.00        10.00     50.00      400.00    15.00      2.00      1.50


 *** RECEPTOR LOCATIONS ***

   X-COORD       Y-COORD      ZELEV     ZHILL     ZFLAG
      0.00         0.00       0.00      0.00      0.00
    100.00         0.00       0.00      0.00      0.00
    200.00         0.00       0.00      0.00      0.00
    300.00         0.00       0.00      0.00      0.00
    400.00         0.00       0.00      0.00      0.00
    500.00         0.00       0.00      0.00      0.00
    600.00         0.00       0.00      0.00      0.00
      0.00       100.00       0.00      0.00      0.00
    100.00       100.00       0.00      0.00      0.00
    200.00       100.00       0.00      0.00      0.00


 *** ANNUAL RESULTS ***

   X-COORD       Y-COORD    CONC (UG/M3)
      0.00         0.00         3.2145
    100.00         0.00         5.8234
    200.00         0.00         8.1245
    300.00         0.00        12.4567
    400.00         0.00        15.2341
    500.00         0.00        18.9876
    600.00         0.00        14.3421
      0.00       100.00         4.1234
    100.00       100.00         6.7823
    200.00       100.00         9.5432


 *** 24-HOUR RESULTS (High 1st-High Value) ***

   X-COORD       Y-COORD    CONC (UG/M3)
      0.00         0.00        15.2341
    100.00         0.00        28.4123
    200.00         0.00        35.6789
    300.00         0.00        48.2341
    400.00         0.00        52.8901
    500.00         0.00        58.3456
    600.00         0.00        45.2314
      0.00       100.00        18.9234
    100.00       100.00        32.1245
    200.00       100.00        41.2345


 *** 1-HOUR RESULTS (High 1st-High Value) ***

   X-COORD       Y-COORD    CONC (UG/M3)
      0.00         0.00        85.2341
    100.00         0.00       145.6789
    200.00         0.00       198.3456
    300.00         0.00       256.7890
    400.00         0.00       285.4321
    500.00         0.00       312.8765
    600.00         0.00       267.4532
      0.00       100.00       102.3456
    100.00       100.00       178.9012
    200.00       100.00       223.4567


 *** OVERALL MAXIMUM VALUES ***

 ANNUAL:    Maximum = 18.9876 at (  500.00,    0.00)
 24-HOUR:   Maximum = 58.3456 at (  500.00,    0.00)
 1-HOUR:    Maximum = 312.8765 at ( 500.00,    0.00)

        ***** The AERMOD Run Finishes Successfully *****
